[0m
[0m [0m [0m [0m [0m [0m [0m [0m [0m [0m [0m [0m [0m [0m [0m [0m [0m [0m [0m [0m [0m [0m [0m [0m [0m [0m [0m [0m [0m [0m [0m [0m [0m [0m [0m [0m [0m [0m [0m [0m [0m [0m [0m [0m [0m [0m [0m [0m [0m [0m [0m [0m [0m [0m [0m [0m [0m [0m [0m [48;5;255m [48;5;255m [0m [0m [0m [0m [0m [0m [0m [0m [0m [0m [0m [0m
[0m [0m [0m [0m [0m [0m [0m [0m [0m [0m [0m [0m [0m [0m [0m [0m [0m [0m [0m [0m [0m [0m [0m [0m [0m [0m [0m [0m [0m [0m [0m [0m [0m [0m [0m [0m [0m [0m [0m [0m [0m [0m [0m [0m [0m [0m [0m [0m [0m [0m [0m [0m [0m [0m [0m [0m [0m [0m [0m [48;5;255m [48;5;255m [0m [0m [0m [0m [0m [0m [0m [0m [0m [0m [0m [0m
[0m [0m [0m [0m [0m [0m [0m [0m [0m [0m [0m [0m [0m [0m [0m [0m [0m [0m [0m [0m [0m [0m [0m [0m [0m [0m [0m [0m [0m [0m [0m [0m [0m [0m [0m [0m [0m [0m [0m [0m [0m [0m [0m [0m [0m [0m [0m [0m [0m [0m [0m [0m [0m [0m [0m [0m [0m [0m [0m [48;5;255m [48;5;255m [0m [0m [0m [0m [0m [0m [0m [0m [0m [0m [0m [0m
[48;5;255m [48;5;255m [48;5;255m [48;5;255m [48;5;255m [48;5;255m [48;5;255m [0m [0m [48;5;255m [48;5;255m [48;5;255m [48;5;255m [48;5;255m [48;5;255m [48;5;255m [48;5;255m [0m [0m [48;5;255m [48;5;255m [48;5;255m [48;5;255m [48;5;255m [48;5;255m [48;5;255m [48;5;255m [48;5;255m [48;5;255m [48;5;255m [48;5;255m [0m [0m [48;5;255m [48;5;255m [48;5;255m [48;5;255m [48;5;255m [48;5;255m [48;5;255m [48;5;255m [0m [0m [48;5;255m [48;5;255m [48;5;255m [48;5;255m [48;5;255m [48;5;255m [48;5;255m [48;5;255m [0m [0m [48;5;255m [48;5;255m [48;5;255m [48;5;255m [48;5;255m [48;5;255m [48;5;255m [48;5;255m [0m [0m [48;5;255m [48;5;255m [48;5;255m [48;5;255m [48;5;255m [48;5;255m [48;5;255m [48;5;255m [0m [0m [48;5;255m [48;5;255m [48;5;255m [48;5;255m [48;5;255m [48;5;255m [48;5;255m [48;5;255m [0m
[48;5;255m [48;5;255m [0m [0m [0m [0m [0m [0m [0m [48;5;255m [48;5;255m [0m [0m [0m [0m [48;5;255m [48;5;255m [0m [0m [48;5;255m [48;5;255m [0m [0m [0m [48;5;255m [48;5;255m [0m [0m [0m [48;5;255m [48;5;255m [0m [0m [48;5;255m [48;5;255m [0m [0m [0m [0m [48;5;255m [48;5;255m [0m [0m [48;5;255m [48;5;255m [0m [0m [0m [0m [48;5;255m [48;5;255m [0m [0m [48;5;255m [48;5;255m [0m [0m [0m [0m [48;5;255m [48;5;255m [0m [0m [48;5;255m [48;5;255m [0m [0m [0m [0m [48;5;255m [48;5;255m [0m [0m [48;5;255m [48;5;255m [0m
[48;5;255m [48;5;255m [0m [0m [0m [0m [0m [0m [0m [48;5;255m [48;5;255m [0m [0m [0m [0m [48;5;255m [48;5;255m [0m [0m [48;5;255m [48;5;255m [0m [0m [0m [48;5;255m [48;5;255m [0m [0m [0m [48;5;255m [48;5;255m [0m [0m [48;5;255m [48;5;255m [0m [0m [0m [0m [48;5;255m [48;5;255m [0m [0m [48;5;255m [48;5;255m [0m [0m [0m [0m [48;5;255m [48;5;255m [0m [0m [48;5;255m [48;5;255m [0m [0m [0m [0m [48;5;255m [48;5;255m [0m [0m [48;5;255m [48;5;255m [0m [0m [0m [0m [48;5;255m [48;5;255m [0m [0m [48;5;255m [48;5;255m [0m
[48;5;255m [48;5;255m [0m [0m [0m [0m [0m [0m [0m [48;5;255m [48;5;255m [0m [0m [0m [0m [48;5;255m [48;5;255m [0m [0m [48;5;255m [48;5;255m [0m [0m [0m [48;5;255m [48;5;255m [0m [0m [0m [48;5;255m [48;5;255m [0m [0m [48;5;255m [48;5;255m [0m [0m [0m [0m [48;5;255m [48;5;255m [0m [0m [48;5;255m [48;5;255m [0m [0m [0m [0m [48;5;255m [48;5;255m [0m [0m [48;5;255m [48;5;255m [0m [0m [0m [0m [48;5;255m [48;5;255m [0m [0m [48;5;255m [48;5;255m [0m [0m [0m [0m [48;5;255m [48;5;255m [0m [0m [48;5;255m [48;5;255m [0m
[48;5;255m [48;5;255m [48;5;255m [48;5;255m [48;5;255m [48;5;255m [48;5;255m [0m [0m [48;5;255m [48;5;255m [48;5;255m [48;5;255m [48;5;255m [48;5;255m [48;5;255m [48;5;255m [0m [0m [48;5;255m [48;5;255m [0m [0m [0m [48;5;255m [48;5;255m [0m [0m [0m [48;5;255m [48;5;255m [0m [0m [48;5;255m [48;5;255m [48;5;255m [48;5;255m [48;5;255m [48;5;255m [48;5;255m [48;5;255m [0m [0m [48;5;255m [48;5;255m [48;5;255m [48;5;255m [48;5;255m [48;5;255m [48;5;255m [48;5;255m [0m [0m [48;5;255m [48;5;255m [48;5;255m [48;5;255m [48;5;255m [48;5;255m [48;5;255m [48;5;255m [0m [0m [48;5;255m [48;5;255m [48;5;255m [48;5;255m [48;5;255m [48;5;255m [48;5;255m [48;5;255m [0m [0m [48;5;255m [48;5;255m [48;5;255m [48;5;255m [48;5;255m [48;5;255m [48;5;255m [48;5;255m [0m
[0m [0m [0m [0m [0m [0m [0m [0m [0m [0m [0m [0m [0m [0m [0m [0m [0m [0m [0m [0m [0m [0m [0m [0m [0m [0m [0m [0m [0m [0m [0m [0m [0m [48;5;255m [48;5;255m [0m [0m [0m [0m [0m [0m [0m [0m [0m [0m [0m [0m
[0m [0m [0m [0m [0m [0m [0m [0m [0m [0m [0m [0m [0m [0m [0m [0m [0m [0m [0m [0m [0m [0m [0m [0m [0m [0m [0m [0m [0m [0m [0m [0m [0m [48;5;255m [48;5;255m [0m [0m [0m [0m [0m [0m [0m [0m [0m [0m [0m [0m
[0m [0m [0m [0m [0m [0m [0m [0m [0m [0m [0m [0m [0m [0m [0m [0m [0m [0m [0m [0m [0m [0m [0m [0m [0m [0m [0m [0m [0m [0m [0m [0m [0m [48;5;255m [48;5;255m [0m [0m [0m [0m [0m [0m [0m [0m [0m [0m [0m [0m

1.1.19

TypeScript version used by Compodoc : 4.5.5

TypeScript version of current project : 4.6.2

Node.js version : v17.8.0

Operating system : macOS Catalina

[14:19:01] No configuration file found, switching to CLI flags.
[14:19:01] Using tsconfig file : /Users/antoine.blancher/WW-Storybook/tsconfig.json
[14:19:01] Including      : /Users/antoine.blancher/WW-Storybook/.DS_Store
[14:19:01] Including      : /Users/antoine.blancher/WW-Storybook/.editorconfig
[14:19:01] Including      : /Users/antoine.blancher/WW-Storybook/.gitignore
[14:19:01] Including      : /Users/antoine.blancher/WW-Storybook/.browserslistrc
[14:19:01] Including      : /Users/antoine.blancher/WW-Storybook/README.md
[14:19:01] Including      : /Users/antoine.blancher/WW-Storybook/angular.json
[14:19:01] Including      : /Users/antoine.blancher/WW-Storybook/documentation.json
[14:19:01] Including      : /Users/antoine.blancher/WW-Storybook/build-storybook.log
[14:19:01] Including      : /Users/antoine.blancher/WW-Storybook/karma.conf.js
[14:19:01] Including      : /Users/antoine.blancher/WW-Storybook/package-lock.json
[14:19:01] Including      : /Users/antoine.blancher/WW-Storybook/package.json
[14:19:01] Including      : /Users/antoine.blancher/WW-Storybook/tsconfig.app.json
[14:19:01] Including      : /Users/antoine.blancher/WW-Storybook/tsconfig.json
[14:19:01] Including      : /Users/antoine.blancher/WW-Storybook/tsconfig.spec.json
[14:19:01] Including      : /Users/antoine.blancher/WW-Storybook/.vscode/launch.json
[14:19:01] Including      : /Users/antoine.blancher/WW-Storybook/.vscode/tasks.json
[14:19:01] Including      : /Users/antoine.blancher/WW-Storybook/.vscode/extensions.json
[14:19:01] Including      : /Users/antoine.blancher/WW-Storybook/.storybook/main.js
[14:19:01] Including      : /Users/antoine.blancher/WW-Storybook/.storybook/preview.js
[14:19:01] Including      : /Users/antoine.blancher/WW-Storybook/.storybook/tsconfig.json
[14:19:01] Ignoring       : /Users/antoine.blancher/WW-Storybook/.storybook/typings.d.ts
[14:19:01] Including      : /Users/antoine.blancher/WW-Storybook/src/favicon.ico
[14:19:01] Including      : /Users/antoine.blancher/WW-Storybook/src/index.html
[14:19:01] Including      : /Users/antoine.blancher/WW-Storybook/src/main.ts
[14:19:01] Including      : /Users/antoine.blancher/WW-Storybook/src/polyfills.ts
[14:19:01] Including      : /Users/antoine.blancher/WW-Storybook/src/styles.css
[14:19:01] Including      : /Users/antoine.blancher/WW-Storybook/src/test.ts
[14:19:01] Including      : /Users/antoine.blancher/WW-Storybook/src/app/app-routing.module.ts
[14:19:01] Including      : /Users/antoine.blancher/WW-Storybook/src/app/app.component.css
[14:19:01] Including      : /Users/antoine.blancher/WW-Storybook/src/app/app.component.html
[14:19:01] Ignoring       : /Users/antoine.blancher/WW-Storybook/src/app/app.component.spec.ts
[14:19:01] Including      : /Users/antoine.blancher/WW-Storybook/src/app/app.component.ts
[14:19:01] Including      : /Users/antoine.blancher/WW-Storybook/src/app/app.module.ts
[14:19:01] Including      : /Users/antoine.blancher/WW-Storybook/src/environments/environment.prod.ts
[14:19:01] Including      : /Users/antoine.blancher/WW-Storybook/src/environments/environment.ts
[14:19:01] Including      : /Users/antoine.blancher/WW-Storybook/src/assets/.gitkeep
[14:19:01] Including      : /Users/antoine.blancher/WW-Storybook/src/stories/Button.stories.ts
[14:19:01] Including      : /Users/antoine.blancher/WW-Storybook/src/stories/Header.stories.ts
[14:19:01] Including      : /Users/antoine.blancher/WW-Storybook/src/stories/Introduction.stories.mdx
[14:19:01] Including      : /Users/antoine.blancher/WW-Storybook/src/stories/User.ts
[14:19:01] Including      : /Users/antoine.blancher/WW-Storybook/src/stories/Page.stories.ts
[14:19:01] Including      : /Users/antoine.blancher/WW-Storybook/src/stories/button.css
[14:19:01] Including      : /Users/antoine.blancher/WW-Storybook/src/stories/header.component.ts
[14:19:01] Including      : /Users/antoine.blancher/WW-Storybook/src/stories/button.component.ts
[14:19:01] Including      : /Users/antoine.blancher/WW-Storybook/src/stories/header.css
[14:19:01] Including      : /Users/antoine.blancher/WW-Storybook/src/stories/page.component.ts
[14:19:01] Including      : /Users/antoine.blancher/WW-Storybook/src/stories/page.css
[14:19:01] Including      : /Users/antoine.blancher/WW-Storybook/src/stories/assets/code-brackets.svg
[14:19:01] Including      : /Users/antoine.blancher/WW-Storybook/src/stories/assets/direction.svg
[14:19:01] Including      : /Users/antoine.blancher/WW-Storybook/src/stories/assets/flow.svg
[14:19:01] Including      : /Users/antoine.blancher/WW-Storybook/src/stories/assets/colors.svg
[14:19:01] Including      : /Users/antoine.blancher/WW-Storybook/src/stories/assets/comments.svg
[14:19:01] Including      : /Users/antoine.blancher/WW-Storybook/src/stories/assets/repo.svg
[14:19:01] Including      : /Users/antoine.blancher/WW-Storybook/src/stories/assets/stackalt.svg
[14:19:01] Including      : /Users/antoine.blancher/WW-Storybook/src/stories/assets/plugin.svg
[14:19:01] Including      : /Users/antoine.blancher/WW-Storybook/.angular/cache/13.3.1/babel-webpack/04834a48ec1424e43ff6f371fd179b0c.json
[14:19:01] Including      : /Users/antoine.blancher/WW-Storybook/.angular/cache/13.3.1/babel-webpack/0958d2ff16574ef6016eef5624ce7561.json
[14:19:01] Including      : /Users/antoine.blancher/WW-Storybook/.angular/cache/13.3.1/babel-webpack/03b1ef3b96eb044bc1098edaf382407e.json
[14:19:01] Including      : /Users/antoine.blancher/WW-Storybook/.angular/cache/13.3.1/babel-webpack/0a97a40b9486353fb41c154af17f8c46.json
[14:19:01] Including      : /Users/antoine.blancher/WW-Storybook/.angular/cache/13.3.1/babel-webpack/046f1d54bed63a9b7dd9e689eb17431a.json
[14:19:01] Including      : /Users/antoine.blancher/WW-Storybook/.angular/cache/13.3.1/babel-webpack/0a9c3f59c74fca4006d10877626deb45.json
[14:19:01] Including      : /Users/antoine.blancher/WW-Storybook/.angular/cache/13.3.1/babel-webpack/1391e665d81114fcc7274dc39bc29997.json
[14:19:01] Including      : /Users/antoine.blancher/WW-Storybook/.angular/cache/13.3.1/babel-webpack/1379656fc0e4be07ba28a54fce003855.json
[14:19:01] Including      : /Users/antoine.blancher/WW-Storybook/.angular/cache/13.3.1/babel-webpack/1a5b05181fbf44c70df93ad6a8a9af9d.json
[14:19:01] Including      : /Users/antoine.blancher/WW-Storybook/.angular/cache/13.3.1/babel-webpack/1fdd67248dc565476eb0295f4ed02af6.json
[14:19:01] Including      : /Users/antoine.blancher/WW-Storybook/.angular/cache/13.3.1/babel-webpack/25fe5d5f36c88968ad807024887497b0.json
[14:19:01] Including      : /Users/antoine.blancher/WW-Storybook/.angular/cache/13.3.1/babel-webpack/276dcfafecadff78150929dd9bbf59b9.json
[14:19:01] Including      : /Users/antoine.blancher/WW-Storybook/.angular/cache/13.3.1/babel-webpack/13efd1ae13a6f6284609bbd1ba6a2e0f.json
[14:19:01] Including      : /Users/antoine.blancher/WW-Storybook/.angular/cache/13.3.1/babel-webpack/2eebbbb7af87a7fc3ed016126f19a611.json
[14:19:01] Including      : /Users/antoine.blancher/WW-Storybook/.angular/cache/13.3.1/babel-webpack/2fb58a7d9dbbf1299ea079109be6f653.json
[14:19:01] Including      : /Users/antoine.blancher/WW-Storybook/.angular/cache/13.3.1/babel-webpack/31f4ea9b12bab6e136af2858af400c02.json
[14:19:01] Including      : /Users/antoine.blancher/WW-Storybook/.angular/cache/13.3.1/babel-webpack/384e880008ede2ea320953549fa16f0d.json
[14:19:01] Including      : /Users/antoine.blancher/WW-Storybook/.angular/cache/13.3.1/babel-webpack/3a29b49abe2ee48b665403e2d69cb947.json
[14:19:01] Including      : /Users/antoine.blancher/WW-Storybook/.angular/cache/13.3.1/babel-webpack/380c50da7eaf1c60af98923fd2933a4a.json
[14:19:01] Including      : /Users/antoine.blancher/WW-Storybook/.angular/cache/13.3.1/babel-webpack/3bd03e7906291e2ac95ec76219a57e77.json
[14:19:01] Including      : /Users/antoine.blancher/WW-Storybook/.angular/cache/13.3.1/babel-webpack/45b871b07d343ea736b1ca700b723d87.json
[14:19:01] Including      : /Users/antoine.blancher/WW-Storybook/.angular/cache/13.3.1/babel-webpack/472e9749aeadc541a7a2497666e55d95.json
[14:19:01] Including      : /Users/antoine.blancher/WW-Storybook/.angular/cache/13.3.1/babel-webpack/490f97fcc3031d4e8f7c10fd73c6b0a1.json
[14:19:01] Including      : /Users/antoine.blancher/WW-Storybook/.angular/cache/13.3.1/babel-webpack/4b9ecc569b9925ca7558e3d266cfe857.json
[14:19:01] Including      : /Users/antoine.blancher/WW-Storybook/.angular/cache/13.3.1/babel-webpack/4d8ab932279dd5fab523e42e4af98c46.json
[14:19:01] Including      : /Users/antoine.blancher/WW-Storybook/.angular/cache/13.3.1/babel-webpack/4e39d638e03e246e2ed715a9b55568fe.json
[14:19:01] Including      : /Users/antoine.blancher/WW-Storybook/.angular/cache/13.3.1/babel-webpack/4e4af58fbf3314d3d7da0450d667968f.json
[14:19:01] Including      : /Users/antoine.blancher/WW-Storybook/.angular/cache/13.3.1/babel-webpack/4fbb5e190145944dcb39b3d4cb5a26d0.json
[14:19:01] Including      : /Users/antoine.blancher/WW-Storybook/.angular/cache/13.3.1/babel-webpack/500305d2d2959319c86c59290d8e92b6.json
[14:19:01] Including      : /Users/antoine.blancher/WW-Storybook/.angular/cache/13.3.1/babel-webpack/51632a2a84e922f986a44b9f1f5f3619.json
[14:19:01] Including      : /Users/antoine.blancher/WW-Storybook/.angular/cache/13.3.1/babel-webpack/535c97116d53e96f820e3328e63e5e18.json
[14:19:01] Including      : /Users/antoine.blancher/WW-Storybook/.angular/cache/13.3.1/babel-webpack/58ea8de4f8afcf2d58c4f805ea610ffc.json
[14:19:01] Including      : /Users/antoine.blancher/WW-Storybook/.angular/cache/13.3.1/babel-webpack/594b9af451517d91ea9a3359fe0e97b9.json
[14:19:01] Including      : /Users/antoine.blancher/WW-Storybook/.angular/cache/13.3.1/babel-webpack/5996058d609480714ecc2dd9b15a2099.json
[14:19:01] Including      : /Users/antoine.blancher/WW-Storybook/.angular/cache/13.3.1/babel-webpack/5b459c679586ffaf2176be48bfa095dc.json
[14:19:01] Including      : /Users/antoine.blancher/WW-Storybook/.angular/cache/13.3.1/babel-webpack/637e145752a57e4d69f9ccc06aa27d5f.json
[14:19:01] Including      : /Users/antoine.blancher/WW-Storybook/.angular/cache/13.3.1/babel-webpack/643b5c019c6cc2819c3f276808c3d39a.json
[14:19:01] Including      : /Users/antoine.blancher/WW-Storybook/.angular/cache/13.3.1/babel-webpack/729ba3fb98a00fdb71d0fc6bf006e8f2.json
[14:19:01] Including      : /Users/antoine.blancher/WW-Storybook/.angular/cache/13.3.1/babel-webpack/74876c288c7c1ea5a4f8810373917727.json
[14:19:01] Including      : /Users/antoine.blancher/WW-Storybook/.angular/cache/13.3.1/babel-webpack/73ff495ce2ec4355545868142ff6eff7.json
[14:19:01] Including      : /Users/antoine.blancher/WW-Storybook/.angular/cache/13.3.1/babel-webpack/79ef4de3ea5bd8a9c0ba4f0da3b23bae.json
[14:19:01] Including      : /Users/antoine.blancher/WW-Storybook/.angular/cache/13.3.1/babel-webpack/7fe4176a734c5c1ec56b5902f9b3c3c2.json
[14:19:01] Including      : /Users/antoine.blancher/WW-Storybook/.angular/cache/13.3.1/babel-webpack/891de4ff49318ba036e1cbd0238b4e34.json
[14:19:01] Including      : /Users/antoine.blancher/WW-Storybook/.angular/cache/13.3.1/babel-webpack/8b2b884954252fca8c6f80716239ceca.json
[14:19:01] Including      : /Users/antoine.blancher/WW-Storybook/.angular/cache/13.3.1/babel-webpack/8cce48764cfb4dde5da3aa9d1784ceeb.json
[14:19:01] Including      : /Users/antoine.blancher/WW-Storybook/.angular/cache/13.3.1/babel-webpack/8d9bbae528cc9587f75cfaa30486f6b4.json
[14:19:01] Including      : /Users/antoine.blancher/WW-Storybook/.angular/cache/13.3.1/babel-webpack/91f6cf3d16ba645a1c27eefa0041f4ba.json
[14:19:01] Including      : /Users/antoine.blancher/WW-Storybook/.angular/cache/13.3.1/babel-webpack/91ad339c889fa71c3935e224b46ab57b.json
[14:19:01] Including      : /Users/antoine.blancher/WW-Storybook/.angular/cache/13.3.1/babel-webpack/9983561dddb26c010cf59ff60d08734b.json
[14:19:01] Including      : /Users/antoine.blancher/WW-Storybook/.angular/cache/13.3.1/babel-webpack/9b677daf14f64eff4e0c5ff0b4f2978c.json
[14:19:01] Including      : /Users/antoine.blancher/WW-Storybook/.angular/cache/13.3.1/babel-webpack/9d1b4d054814ba80afd3a7832e715add.json
[14:19:01] Including      : /Users/antoine.blancher/WW-Storybook/.angular/cache/13.3.1/babel-webpack/a560f66694566e77359dea0dadcf6850.json
[14:19:01] Including      : /Users/antoine.blancher/WW-Storybook/.angular/cache/13.3.1/babel-webpack/a5f7346379b52474224cab461dccf5f5.json
[14:19:01] Including      : /Users/antoine.blancher/WW-Storybook/.angular/cache/13.3.1/babel-webpack/a60b79cc17187ba267c136e01322f76a.json
[14:19:01] Including      : /Users/antoine.blancher/WW-Storybook/.angular/cache/13.3.1/babel-webpack/aaaf38f8045358a9de5c536f67c6eb67.json
[14:19:01] Including      : /Users/antoine.blancher/WW-Storybook/.angular/cache/13.3.1/babel-webpack/b12da1171ed8720e695772497d359a7a.json
[14:19:01] Including      : /Users/antoine.blancher/WW-Storybook/.angular/cache/13.3.1/babel-webpack/a6a37ff363686c18da460e8df751bec7.json
[14:19:01] Including      : /Users/antoine.blancher/WW-Storybook/.angular/cache/13.3.1/babel-webpack/bbe0845e9b98ac16ff382ebd4db16f95.json
[14:19:01] Including      : /Users/antoine.blancher/WW-Storybook/.angular/cache/13.3.1/babel-webpack/b1631316b70eb07a3536e48970698493.json
[14:19:01] Including      : /Users/antoine.blancher/WW-Storybook/.angular/cache/13.3.1/babel-webpack/ac37c3596acaea2a65c75c245110b799.json
[14:19:01] Including      : /Users/antoine.blancher/WW-Storybook/.angular/cache/13.3.1/babel-webpack/c35f0ee75c418f7a73d482e6a844f3d5.json
[14:19:01] Including      : /Users/antoine.blancher/WW-Storybook/.angular/cache/13.3.1/babel-webpack/c625b37d1a19aa5e71cfdbc078f20019.json
[14:19:01] Including      : /Users/antoine.blancher/WW-Storybook/.angular/cache/13.3.1/babel-webpack/be5ec181f70cb89398ffcae4787a8608.json
[14:19:01] Including      : /Users/antoine.blancher/WW-Storybook/.angular/cache/13.3.1/babel-webpack/c9cd537956e737d0fba5f6c15c156991.json
[14:19:01] Including      : /Users/antoine.blancher/WW-Storybook/.angular/cache/13.3.1/babel-webpack/cc4dc258cdb2387533dd1e7c83ee13f9.json
[14:19:01] Including      : /Users/antoine.blancher/WW-Storybook/.angular/cache/13.3.1/babel-webpack/ccabef054c6c4fe5aad2350d82370e7d.json
[14:19:01] Including      : /Users/antoine.blancher/WW-Storybook/.angular/cache/13.3.1/babel-webpack/d7be5ae8b2de60a1e59588fa3ea0243c.json
[14:19:01] Including      : /Users/antoine.blancher/WW-Storybook/.angular/cache/13.3.1/babel-webpack/db4f48ee851bc9758742bcaaa4cff5e1.json
[14:19:01] Including      : /Users/antoine.blancher/WW-Storybook/.angular/cache/13.3.1/babel-webpack/e65cf8fbb662e8167a2aeff7a0e6f703.json
[14:19:01] Including      : /Users/antoine.blancher/WW-Storybook/.angular/cache/13.3.1/babel-webpack/eb365ea9c36b4e563cb3a3882c532daa.json
[14:19:01] Including      : /Users/antoine.blancher/WW-Storybook/.angular/cache/13.3.1/babel-webpack/e9081cb27d8a69f401ec20d007fc2dff.json
[14:19:01] Including      : /Users/antoine.blancher/WW-Storybook/.angular/cache/13.3.1/babel-webpack/ef2213f353b883fabb362aa87c329d52.json
[14:19:01] Including      : /Users/antoine.blancher/WW-Storybook/.angular/cache/13.3.1/babel-webpack/ef64692e1decbd31d820961ac6c87ffd.json
[14:19:01] Including      : /Users/antoine.blancher/WW-Storybook/.angular/cache/13.3.1/babel-webpack/f22fa446118e3479ee5878d2425bb1a6.json
[14:19:01] Including      : /Users/antoine.blancher/WW-Storybook/.angular/cache/13.3.1/babel-webpack/f364336e23b99bf33308572cee9f8dda.json
[14:19:01] Including      : /Users/antoine.blancher/WW-Storybook/.angular/cache/13.3.1/babel-webpack/f48779624f576b668127b04b5733f0cc.json
[14:19:01] Including      : /Users/antoine.blancher/WW-Storybook/.angular/cache/13.3.1/babel-webpack/f291a211fefbd33973e4eed8e8f3373f.json
[14:19:01] Searching package.json file
[14:19:01] package.json file found
[14:19:01] Processing package.json dependencies
[14:19:01] Searching README.md, CHANGELOG.md, CONTRIBUTING.md, LICENSE.md, TODO.md files
[14:19:01] README.md file found
[14:19:01] Error during /Users/antoine.blancher/WW-Storybook/CHANGELOG read
[14:19:01] Continuing without CHANGELOG.md file
[14:19:01] Error during /Users/antoine.blancher/WW-Storybook/CONTRIBUTING read
[14:19:01] Continuing without CONTRIBUTING.md file
[14:19:01] Error during /Users/antoine.blancher/WW-Storybook/LICENSE read
[14:19:01] Continuing without LICENSE.md file
[14:19:01] Error during /Users/antoine.blancher/WW-Storybook/TODO read
[14:19:01] Continuing without TODO.md file
[14:19:01] Get dependencies data
[14:19:02] parsing        : /Users/antoine.blancher/WW-Storybook/src/main.ts
[14:19:02] parsing        : /Users/antoine.blancher/WW-Storybook/src/polyfills.ts
[14:19:02] parsing        : /Users/antoine.blancher/WW-Storybook/src/test.ts
[14:19:02] found          : require
[14:19:02] found          : context
[14:19:02] parsing        : /Users/antoine.blancher/WW-Storybook/src/app/app-routing.module.ts
[14:19:02] Analysing routes definitions and clean them if necessary
[14:19:02] found          : AppRoutingModule
[14:19:02]                : - imports:
[14:19:02]                : 	- RouterModule
[14:19:02]                : - exports:
[14:19:02]                : 	- RouterModule
[14:19:02] parsing        : /Users/antoine.blancher/WW-Storybook/src/app/app.component.ts
[14:19:02] found          : AppComponent
[14:19:02] parsing        : /Users/antoine.blancher/WW-Storybook/src/app/app.module.ts
[14:19:02] found          : AppModule
[14:19:02]                : - imports:
[14:19:02]                : 	- BrowserModule
[14:19:02]                : 	- AppRoutingModule
[14:19:02]                : - declarations:
[14:19:02]                : 	- AppComponent
[14:19:02]                : - bootstrap:
[14:19:02]                : 	- AppComponent
[14:19:02] parsing        : /Users/antoine.blancher/WW-Storybook/src/environments/environment.prod.ts
[14:19:02] found          : environment
[14:19:02] parsing        : /Users/antoine.blancher/WW-Storybook/src/environments/environment.ts
[14:19:02] found          : environment
[14:19:02] parsing        : /Users/antoine.blancher/WW-Storybook/src/stories/Button.stories.ts
[14:19:02] found          : Template
[14:19:02] found          : Primary
[14:19:02] found          : Secondary
[14:19:02] found          : Large
[14:19:02] found          : Small
[14:19:02] parsing        : /Users/antoine.blancher/WW-Storybook/src/stories/Header.stories.ts
[14:19:02] found          : Template
[14:19:02] found          : LoggedIn
[14:19:02] found          : LoggedOut
[14:19:02] parsing        : /Users/antoine.blancher/WW-Storybook/src/stories/User.ts
[14:19:02] found          : User
[14:19:02] parsing        : /Users/antoine.blancher/WW-Storybook/src/stories/Page.stories.ts
[14:19:02] found          : Template
[14:19:02] found          : LoggedOut
[14:19:02] found          : LoggedIn
[14:19:02] parsing        : /Users/antoine.blancher/WW-Storybook/src/stories/header.component.ts
[14:19:02] found          : HeaderComponent
[14:19:02] parsing        : /Users/antoine.blancher/WW-Storybook/src/stories/button.component.ts
[14:19:02] found          : ButtonComponent
[14:19:02] parsing        : /Users/antoine.blancher/WW-Storybook/src/stories/page.component.ts
[14:19:02] found          : PageComponent
[14:19:02] -------------------
[14:19:02] Project statistics 
[14:19:02] - files      : 130
[14:19:02] - module     : 2
[14:19:02] - component  : 4
[14:19:02] - interface  : 1
[14:19:02] -------------------
[14:19:02] Prepare components
[14:19:02]  AppComponent has a templateUrl, include it
[14:19:02]  AppComponent has styleUrls, include them
[14:19:02]  ButtonComponent has styleUrls, include them
[14:19:02]  HeaderComponent has styleUrls, include them
[14:19:02]  PageComponent has styleUrls, include them
[14:19:02] Prepare modules
[14:19:02] Process routes
[14:19:02] Prepare interfaces
[14:19:02] Prepare miscellaneous
[14:19:02] Process documentation coverage report
[14:19:02] Generating documentation in export format json
[14:19:02] Documentation generated in ./ in 0.39 seconds
info @storybook/angular v6.4.20
info 
info => Cleaning outputDir: /var/folders/wh/5bdsfq_12ssfgp_0zhrgb645k0ndq5/T/chromatic--31265-gaI5Rt0q7Hfv
info => Loading presets
info => Compiling manager..
info => Compiling preview..
info => Using implicit CSS loaders
info => Loading angular-cli config for angular >= 13.0.0
info => Using angular project with "tsConfig:/Users/antoine.blancher/WW-Storybook/.storybook/tsconfig.json"
WARN Your Storybook startup uses a solution that will not be supported in version 7.0. 
WARN You must use angular builder to have an explicit configuration on the project used in angular.json
WARN Read more at:
WARN - https://github.com/storybookjs/storybook/blob/next/MIGRATION.md#sb-angular-builder)
WARN - https://github.com/storybookjs/storybook/blob/next/MIGRATION.md#angular13)
info => Using angular project "WW-Storybook:build" for configuring Storybook
info => Using default Webpack5 setup
<s> [webpack.Progress] 0% 

<s> [webpack.Progress] 1% setup before run
<s> [webpack.Progress] 1% setup before run NodeEnvironmentPlugin
<s> [webpack.Progress] 1% setup before run
<s> [webpack.Progress] 2% setup run
<s> [webpack.Progress] 2% setup run
<s> [webpack.Progress] 4% setup normal module factory
<s> [webpack.Progress] 4% setup normal module factory CaseSensitivePathsPlugin
<s> [webpack.Progress] 4% setup normal module factory
<s> [webpack.Progress] 5% setup context module factory
<s> [webpack.Progress] 5% setup context module factory
<s> [webpack.Progress] 6% setup before compile
<s> [webpack.Progress] 6% setup before compile angular-compiler
<s> [webpack.Progress] 6% setup before compile ProgressPlugin
<s> [webpack.Progress] 6% setup before compile
<s> [webpack.Progress] 7% setup compile
<s> [webpack.Progress] 7% setup compile ExternalsPlugin
<s> [webpack.Progress] 7% setup compile
<s> [webpack.Progress] 8% setup compilation
<s> [webpack.Progress] 8% setup compilation CopyPlugin
<s> [webpack.Progress] 8% setup compilation angular-compiler
<s> [webpack.Progress] 8% setup compilation mini-css-extract-plugin
<s> [webpack.Progress] 8% setup compilation ArrayPushCallbackChunkFormatPlugin
<s> [webpack.Progress] 8% setup compilation JsonpChunkLoadingPlugin
<s> [webpack.Progress] 8% setup compilation StartupChunkDependenciesPlugin
<s> [webpack.Progress] 8% setup compilation ImportScriptsChunkLoadingPlugin
<s> [webpack.Progress] 8% setup compilation FetchCompileWasmPlugin
<s> [webpack.Progress] 8% setup compilation FetchCompileAsyncWasmPlugin
<s> [webpack.Progress] 8% setup compilation WorkerPlugin
<s> [webpack.Progress] 8% setup compilation SplitChunksPlugin
<s> [webpack.Progress] 8% setup compilation RuntimeChunkPlugin
<s> [webpack.Progress] 8% setup compilation ResolverCachePlugin
<s> [webpack.Progress] 8% setup compilation HtmlWebpackPlugin
<s> [webpack.Progress] 8% setup compilation
<s> [webpack.Progress] 9% setup compilation
<s> [webpack.Progress] 9% setup compilation named-chunks-plugin
<s> [webpack.Progress] 9% setup compilation DedupeModuleResolvePlugin
<s> [webpack.Progress] 9% setup compilation AnyComponentStyleBudgetChecker
<s> [webpack.Progress] 9% setup compilation mini-css-extract-plugin
<s> [webpack.Progress] 9% setup compilation SuppressExtractedTextChunks
<s> [webpack.Progress] 9% setup compilation DefinePlugin
<s> [webpack.Progress] 9% setup compilation ProvidePlugin
<s> [webpack.Progress] 9% setup compilation ProgressPlugin
<s> [webpack.Progress] 9% setup compilation ChunkPrefetchPreloadPlugin
<s> [webpack.Progress] 9% setup compilation SourceMapDevToolPlugin
<s> [webpack.Progress] 9% setup compilation JavascriptModulesPlugin
<s> [webpack.Progress] 9% setup compilation JsonModulesPlugin
<s> [webpack.Progress] 9% setup compilation AssetModulesPlugin
<s> [webpack.Progress] 9% setup compilation EntryPlugin
<s> [webpack.Progress] 9% setup compilation EntryPlugin
<s> [webpack.Progress] 9% setup compilation EntryPlugin
<s> [webpack.Progress] 9% setup compilation EntryPlugin
<s> [webpack.Progress] 9% setup compilation EntryPlugin
<s> [webpack.Progress] 9% setup compilation EntryPlugin
<s> [webpack.Progress] 9% setup compilation EntryPlugin
<s> [webpack.Progress] 9% setup compilation EntryPlugin
<s> [webpack.Progress] 9% setup compilation EntryPlugin
<s> [webpack.Progress] 9% setup compilation EntryPlugin
<s> [webpack.Progress] 9% setup compilation EntryPlugin
<s> [webpack.Progress] 9% setup compilation EntryPlugin
<s> [webpack.Progress] 9% setup compilation EntryPlugin
<s> [webpack.Progress] 9% setup compilation EntryPlugin
<s> [webpack.Progress] 9% setup compilation EntryPlugin
<s> [webpack.Progress] 9% setup compilation EntryPlugin
<s> [webpack.Progress] 9% setup compilation EntryPlugin
<s> [webpack.Progress] 9% setup compilation EntryPlugin
<s> [webpack.Progress] 9% setup compilation EntryPlugin
<s> [webpack.Progress] 9% setup compilation RuntimePlugin
<s> [webpack.Progress] 9% setup compilation InferAsyncModulesPlugin
<s> [webpack.Progress] 9% setup compilation DataUriPlugin
<s> [webpack.Progress] 9% setup compilation FileUriPlugin
<s> [webpack.Progress] 9% setup compilation CompatibilityPlugin
<s> [webpack.Progress] 9% setup compilation HarmonyModulesPlugin
<s> [webpack.Progress] 9% setup compilation AMDPlugin
<s> [webpack.Progress] 9% setup compilation RequireJsStuffPlugin
<s> [webpack.Progress] 9% setup compilation CommonJsPlugin
<s> [webpack.Progress] 9% setup compilation LoaderPlugin
<s> [webpack.Progress] 9% setup compilation LoaderPlugin
<s> [webpack.Progress] 9% setup compilation NodeStuffPlugin
<s> [webpack.Progress] 9% setup compilation APIPlugin
<s> [webpack.Progress] 9% setup compilation ExportsInfoApiPlugin
<s> [webpack.Progress] 9% setup compilation WebpackIsIncludedPlugin
<s> [webpack.Progress] 9% setup compilation ConstPlugin
<s> [webpack.Progress] 9% setup compilation UseStrictPlugin
<s> [webpack.Progress] 9% setup compilation RequireIncludePlugin
<s> [webpack.Progress] 9% setup compilation RequireEnsurePlugin
<s> [webpack.Progress] 9% setup compilation RequireContextPlugin
<s> [webpack.Progress] 9% setup compilation ImportPlugin
<s> [webpack.Progress] 9% setup compilation RequireContextPlugin
<s> [webpack.Progress] 9% setup compilation SystemPlugin
<s> [webpack.Progress] 9% setup compilation ImportMetaPlugin
<s> [webpack.Progress] 9% setup compilation URLPlugin
<s> [webpack.Progress] 9% setup compilation DefaultStatsFactoryPlugin
<s> [webpack.Progress] 9% setup compilation DefaultStatsPresetPlugin
<s> [webpack.Progress] 9% setup compilation DefaultStatsPrinterPlugin
<s> [webpack.Progress] 9% setup compilation JavascriptMetaInfoPlugin
<s> [webpack.Progress] 9% setup compilation EnsureChunkConditionsPlugin
<s> [webpack.Progress] 9% setup compilation RemoveEmptyChunksPlugin
<s> [webpack.Progress] 9% setup compilation MergeDuplicateChunksPlugin
<s> [webpack.Progress] 9% setup compilation FlagIncludedChunksPlugin
<s> [webpack.Progress] 9% setup compilation SideEffectsFlagPlugin
<s> [webpack.Progress] 9% setup compilation FlagDependencyExportsPlugin
<s> [webpack.Progress] 9% setup compilation FlagDependencyUsagePlugin
<s> [webpack.Progress] 9% setup compilation InnerGraphPlugin
<s> [webpack.Progress] 9% setup compilation MangleExportsPlugin
<s> [webpack.Progress] 9% setup compilation ModuleConcatenationPlugin
<s> [webpack.Progress] 9% setup compilation NoEmitOnErrorsPlugin
<s> [webpack.Progress] 9% setup compilation RealContentHashPlugin
<s> [webpack.Progress] 9% setup compilation WasmFinalizeExportsPlugin
<s> [webpack.Progress] 9% setup compilation NamedModuleIdsPlugin
<s> [webpack.Progress] 9% setup compilation DeterministicChunkIdsPlugin
<s> [webpack.Progress] 9% setup compilation DefinePlugin
<s> [webpack.Progress] 9% setup compilation TerserPlugin
<s> [webpack.Progress] 9% setup compilation TemplatedPathPlugin
<s> [webpack.Progress] 9% setup compilation RecordIdsPlugin
<s> [webpack.Progress] 9% setup compilation WarnCaseSensitiveModulesPlugin
<s> [webpack.Progress] 9% setup compilation IgnoreWarningsPlugin
<s> [webpack.Progress] 9% setup compilation
<s> [webpack.Progress] 10% building
<s> [webpack.Progress] 10% building 0/1 entries 0/0 dependencies 0/0 modules
<s> [webpack.Progress] 10% building import loader ./node_modules/@angular-devkit/build-angular/src/babel/webpack-loader.js
<s> [webpack.Progress] 10% building import loader ./node_modules/babel-loader/lib/index.js
<s> [webpack.Progress] 10% building 0/19 entries 3/19 dependencies 0/3 modules
<s> [webpack.Progress] 10% building import loader ./node_modules/mini-css-extract-plugin/dist/loader.js
<s> [webpack.Progress] 10% building import loader ./node_modules/css-loader/dist/cjs.js
<s> [webpack.Progress] 10% building import loader ./node_modules/postcss-loader/dist/cjs.js
<s> [webpack.Progress] 10% building 0/19 entries 5/19 dependencies 0/5 modules
<s> [webpack.Progress] 10% building import loader ./node_modules/@ngtools/webpack/src/ivy/index.js
<s> [webpack.Progress] 10% building 0/19 entries 6/20 dependencies 0/6 modules
<s> [webpack.Progress] 12% building 1/19 entries 69/116 dependencies 5/40 modules
<s> [webpack.Progress] 12% building import loader ./node_modules/@mdx-js/loader/index.js
<s> [webpack.Progress] 12% building 1/19 entries 118/183 dependencies 6/75 modules
<s> [webpack.Progress] 12% building import loader ./node_modules/@storybook/source-loader/dist/cjs/index.js
<s> [webpack.Progress] 12% building 1/19 entries 165/257 dependencies 10/91 modules
<s> [webpack.Progress] 15% building 2/19 entries 199/257 dependencies 15/110 modules
<s> [webpack.Progress] 15% building 2/19 entries 243/457 dependencies 21/143 modules
<s> [webpack.Progress] 18% building 3/19 entries 393/491 dependencies 45/157 modules
<s> [webpack.Progress] 18% building 3/19 entries 966/1100 dependencies 93/310 modules
[BABEL] Note: The code generator has deoptimised the styling of /Users/antoine.blancher/WW-Storybook/node_modules/prettier/standalone.js as it exceeds the max of 500KB.
<s> [webpack.Progress] 18% building 3/19 entries 1358/1400 dependencies 198/391 modules
<s> [webpack.Progress] 18% building 3/19 entries 1469/1700 dependencies 205/395 modules
<s> [webpack.Progress] 21% building 4/19 entries 1562/1752 dependencies 231/398 modules
<s> [webpack.Progress] 21% building 4/19 entries 1882/2100 dependencies 281/457 modules
<s> [webpack.Progress] 21% building 4/19 entries 2200/2460 dependencies 316/484 modules
<s> [webpack.Progress] 21% building 4/19 entries 2300/2654 dependencies 316/576 modules
<s> [webpack.Progress] 21% building 4/19 entries 2775/3224 dependencies 337/800 modules
<s> [webpack.Progress] 21% building 4/19 entries 3533/3600 dependencies 373/990 modules
<s> [webpack.Progress] 21% building 4/19 entries 4000/4106 dependencies 413/1071 modules
<s> [webpack.Progress] 21% building 4/19 entries 4576/4600 dependencies 506/1146 modules
<s> [webpack.Progress] 21% building 4/19 entries 5000/5188 dependencies 641/1202 modules
<s> [webpack.Progress] 21% building 4/19 entries 5450/5500 dependencies 809/1341 modules
<s> [webpack.Progress] 21% building 4/19 entries 5900/6023 dependencies 1068/1465 modules
<s> [webpack.Progress] 25% building 4/19 entries 6633/6645 dependencies 1400/1761 modules
<s> [webpack.Progress] 25% building 4/19 entries 6641/6700 dependencies 1435/1764 modules
<s> [webpack.Progress] 28% building 4/19 entries 7185/7200 dependencies 1670/1851 modules
<s> [webpack.Progress] 29% building 5/19 entries 7404/7431 dependencies 1760/1875 modules
<s> [webpack.Progress] 29% building 6/19 entries 7404/7431 dependencies 1760/1875 modules
<s> [webpack.Progress] 30% building 7/19 entries 7404/7431 dependencies 1760/1875 modules
<s> [webpack.Progress] 33% building 8/19 entries 7404/7431 dependencies 1760/1875 modules
<s> [webpack.Progress] 36% building 9/19 entries 7404/7431 dependencies 1760/1875 modules
<s> [webpack.Progress] 38% building 10/19 entries 7404/7431 dependencies 1760/1875 modules
<s> [webpack.Progress] 41% building 11/19 entries 7404/7431 dependencies 1760/1875 modules
<s> [webpack.Progress] 44% building 12/19 entries 7404/7431 dependencies 1760/1875 modules
<s> [webpack.Progress] 47% building 13/19 entries 7404/7431 dependencies 1760/1875 modules
<s> [webpack.Progress] 50% building 14/19 entries 7404/7431 dependencies 1760/1875 modules
<s> [webpack.Progress] 53% building 15/19 entries 7404/7431 dependencies 1760/1875 modules
<s> [webpack.Progress] 56% building 16/19 entries 7609/7616 dependencies 1903/1938 modules
<s> [webpack.Progress] 59% building 17/19 entries 7618/7618 dependencies 1921/1941 modules
<s> [webpack.Progress] 62% building 18/19 entries 7620/7620 dependencies 1941/1942 modules
<s> [webpack.Progress] 64% building 19/19 entries 7620/7620 dependencies 1942/1942 modules
<s> [webpack.Progress] 65% building
<s> [webpack.Progress] 69% building finish
<s> [webpack.Progress] 69% building finish
<s> [webpack.Progress] 70% sealing finish module graph
<s> [webpack.Progress] 70% sealing finish module graph angular-compiler
<s> [webpack.Progress] 70% sealing finish module graph ResolverCachePlugin
<s> [webpack.Progress] 70% sealing finish module graph InferAsyncModulesPlugin
<s> [webpack.Progress] 70% sealing finish module graph FlagDependencyExportsPlugin
<s> [webpack.Progress] 70% sealing finish module graph InnerGraphPlugin
<s> [webpack.Progress] 70% sealing finish module graph WasmFinalizeExportsPlugin
<s> [webpack.Progress] 70% sealing finish module graph
<s> [webpack.Progress] 70% sealing plugins
<s> [webpack.Progress] 70% sealing plugins WarnCaseSensitiveModulesPlugin
<s> [webpack.Progress] 70% sealing plugins
<s> [webpack.Progress] 71% sealing dependencies optimization
<s> [webpack.Progress] 71% sealing dependencies optimization SideEffectsFlagPlugin
<s> [webpack.Progress] 71% sealing dependencies optimization FlagDependencyUsagePlugin
<s> [webpack.Progress] 71% sealing dependencies optimization
<s> [webpack.Progress] 71% sealing after dependencies optimization
<s> [webpack.Progress] 71% sealing after dependencies optimization
<s> [webpack.Progress] 72% sealing chunk graph
<s> [webpack.Progress] 72% sealing chunk graph
<s> [webpack.Progress] 73% sealing after chunk graph
<s> [webpack.Progress] 73% sealing after chunk graph
<s> [webpack.Progress] 73% sealing optimizing
<s> [webpack.Progress] 73% sealing optimizing
<s> [webpack.Progress] 74% sealing module optimization
<s> [webpack.Progress] 74% sealing module optimization
<s> [webpack.Progress] 75% sealing after module optimization
<s> [webpack.Progress] 75% sealing after module optimization
<s> [webpack.Progress] 75% sealing chunk optimization
<s> [webpack.Progress] 75% sealing chunk optimization EnsureChunkConditionsPlugin
<s> [webpack.Progress] 75% sealing chunk optimization RemoveEmptyChunksPlugin
<s> [webpack.Progress] 75% sealing chunk optimization MergeDuplicateChunksPlugin
<s> [webpack.Progress] 75% sealing chunk optimization SplitChunksPlugin
<s> [webpack.Progress] 75% sealing chunk optimization RemoveEmptyChunksPlugin
<s> [webpack.Progress] 75% sealing chunk optimization
<s> [webpack.Progress] 76% sealing after chunk optimization
<s> [webpack.Progress] 76% sealing after chunk optimization
<s> [webpack.Progress] 77% sealing module and chunk tree optimization
<s> [webpack.Progress] 77% sealing module and chunk tree optimization PersistentChildCompilerSingletonPlugin
<s> [webpack.Progress] 77% sealing module and chunk tree optimization
<s> [webpack.Progress] 77% sealing after module and chunk tree optimization
<s> [webpack.Progress] 77% sealing after module and chunk tree optimization
<s> [webpack.Progress] 78% sealing chunk modules optimization
<s> [webpack.Progress] 78% sealing chunk modules optimization ModuleConcatenationPlugin
<s> [webpack.Progress] 78% sealing chunk modules optimization
<s> [webpack.Progress] 78% sealing after chunk modules optimization
<s> [webpack.Progress] 78% sealing after chunk modules optimization
<s> [webpack.Progress] 79% sealing module reviving
<s> [webpack.Progress] 79% sealing module reviving RecordIdsPlugin
<s> [webpack.Progress] 79% sealing module reviving
<s> [webpack.Progress] 80% sealing before module ids
<s> [webpack.Progress] 80% sealing before module ids
<s> [webpack.Progress] 80% sealing module ids
<s> [webpack.Progress] 80% sealing module ids NamedModuleIdsPlugin
<s> [webpack.Progress] 80% sealing module ids
<s> [webpack.Progress] 81% sealing module id optimization
<s> [webpack.Progress] 81% sealing module id optimization
<s> [webpack.Progress] 82% sealing module id optimization
<s> [webpack.Progress] 82% sealing module id optimization
<s> [webpack.Progress] 82% sealing chunk reviving
<s> [webpack.Progress] 82% sealing chunk reviving RecordIdsPlugin
<s> [webpack.Progress] 82% sealing chunk reviving
<s> [webpack.Progress] 83% sealing before chunk ids
<s> [webpack.Progress] 83% sealing before chunk ids
<s> [webpack.Progress] 84% sealing chunk ids
<s> [webpack.Progress] 84% sealing chunk ids DeterministicChunkIdsPlugin
<s> [webpack.Progress] 84% sealing chunk ids
<s> [webpack.Progress] 84% sealing chunk id optimization
<s> [webpack.Progress] 84% sealing chunk id optimization FlagIncludedChunksPlugin
<s> [webpack.Progress] 84% sealing chunk id optimization
<s> [webpack.Progress] 85% sealing after chunk id optimization
<s> [webpack.Progress] 85% sealing after chunk id optimization
<s> [webpack.Progress] 86% sealing record modules
<s> [webpack.Progress] 86% sealing record modules RecordIdsPlugin
<s> [webpack.Progress] 86% sealing record modules
<s> [webpack.Progress] 86% sealing record chunks
<s> [webpack.Progress] 86% sealing record chunks RecordIdsPlugin
<s> [webpack.Progress] 86% sealing record chunks
<s> [webpack.Progress] 87% sealing module hashing
<s> [webpack.Progress] 87% sealing module hashing
<s> [webpack.Progress] 87% sealing code generation
<s> [webpack.Progress] 87% sealing code generation
<s> [webpack.Progress] 88% sealing runtime requirements
<s> [webpack.Progress] 88% sealing runtime requirements
<s> [webpack.Progress] 89% sealing hashing
<s> [webpack.Progress] 89% sealing hashing
<s> [webpack.Progress] 89% sealing after hashing
<s> [webpack.Progress] 89% sealing after hashing
<s> [webpack.Progress] 90% sealing record hash
<s> [webpack.Progress] 90% sealing record hash
<s> [webpack.Progress] 91% sealing module assets processing
<s> [webpack.Progress] 91% sealing module assets processing
<s> [webpack.Progress] 91% sealing chunk assets processing
<s> [webpack.Progress] 91% sealing chunk assets processing
<s> [webpack.Progress] 92% sealing asset processing
<s> [webpack.Progress] 92% sealing asset processing copy-webpack-plugin
<s> [webpack.Progress] 92% sealing asset processing PersistentChildCompilerSingletonPlugin
<s> [webpack.Progress] 92% sealing asset processing TerserPlugin
info => Manager built (38 s)
<s> [webpack.Progress] 92% sealing asset processing SourceMapDevToolPlugin
<s> [webpack.Progress] 92% sealing asset processing SourceMapDevToolPlugin
<s> [webpack.Progress] 92% sealing asset processing SourceMapDevToolPlugin main.css generate SourceMap
<s> [webpack.Progress] 92% sealing asset processing SourceMapDevToolPlugin main.css generated SourceMap
<s> [webpack.Progress] 92% sealing asset processing SourceMapDevToolPlugin main.d464b6c3.iframe.bundle.js generate SourceMap
<s> [webpack.Progress] 92% sealing asset processing SourceMapDevToolPlugin main.d464b6c3.iframe.bundle.js generated SourceMap
<s> [webpack.Progress] 92% sealing asset processing SourceMapDevToolPlugin runtime~main.81f82c47.iframe.bundle.js generate SourceMap
<s> [webpack.Progress] 92% sealing asset processing SourceMapDevToolPlugin runtime~main.81f82c47.iframe.bundle.js generated SourceMap
<s> [webpack.Progress] 92% sealing asset processing SourceMapDevToolPlugin 747.434d84ce.iframe.bundle.js generate SourceMap
<s> [webpack.Progress] 92% sealing asset processing SourceMapDevToolPlugin 747.434d84ce.iframe.bundle.js generated SourceMap
<s> [webpack.Progress] 92% sealing asset processing SourceMapDevToolPlugin 895.58d7626e.iframe.bundle.js generate SourceMap
<s> [webpack.Progress] 92% sealing asset processing SourceMapDevToolPlugin 895.58d7626e.iframe.bundle.js generated SourceMap
<s> [webpack.Progress] 92% sealing asset processing SourceMapDevToolPlugin 459.0fe87946.iframe.bundle.js generate SourceMap
<s> [webpack.Progress] 92% sealing asset processing SourceMapDevToolPlugin 459.0fe87946.iframe.bundle.js generated SourceMap
<s> [webpack.Progress] 92% sealing asset processing SourceMapDevToolPlugin 551.841c6a5f.iframe.bundle.js generate SourceMap
<s> [webpack.Progress] 92% sealing asset processing SourceMapDevToolPlugin 551.841c6a5f.iframe.bundle.js generated SourceMap
<s> [webpack.Progress] 92% sealing asset processing SourceMapDevToolPlugin 299.5f204c0b.iframe.bundle.js generate SourceMap
<s> [webpack.Progress] 92% sealing asset processing SourceMapDevToolPlugin 299.5f204c0b.iframe.bundle.js generated SourceMap
<s> [webpack.Progress] 92% sealing asset processing SourceMapDevToolPlugin 273.db43ec93.iframe.bundle.js generate SourceMap
<s> [webpack.Progress] 92% sealing asset processing SourceMapDevToolPlugin 273.db43ec93.iframe.bundle.js generated SourceMap
<s> [webpack.Progress] 92% sealing asset processing SourceMapDevToolPlugin 722.cb11c2f6.iframe.bundle.js generate SourceMap
<s> [webpack.Progress] 92% sealing asset processing SourceMapDevToolPlugin 722.cb11c2f6.iframe.bundle.js generated SourceMap
<s> [webpack.Progress] 92% sealing asset processing SourceMapDevToolPlugin 899.6859259d.iframe.bundle.js generate SourceMap
<s> [webpack.Progress] 92% sealing asset processing SourceMapDevToolPlugin 899.6859259d.iframe.bundle.js generated SourceMap
<s> [webpack.Progress] 92% sealing asset processing SourceMapDevToolPlugin 291.241eeff4.iframe.bundle.js generate SourceMap
<s> [webpack.Progress] 92% sealing asset processing SourceMapDevToolPlugin 291.241eeff4.iframe.bundle.js generated SourceMap
<s> [webpack.Progress] 92% sealing asset processing SourceMapDevToolPlugin 376.624c51b3.iframe.bundle.js generate SourceMap
<s> [webpack.Progress] 92% sealing asset processing SourceMapDevToolPlugin 376.624c51b3.iframe.bundle.js generated SourceMap
<s> [webpack.Progress] 92% sealing asset processing SourceMapDevToolPlugin resolve sources
<s> [webpack.Progress] 92% sealing asset processing SourceMapDevToolPlugin
<s> [webpack.Progress] 92% sealing asset processing HtmlWebpackPlugin
<s> [webpack.Progress] 92% sealing asset processing HtmlWebpackPlugin
<s> [webpack.Progress] 92% sealing asset processing HtmlWebpackPlugin resolve sources
<s> [webpack.Progress] 92% sealing asset processing HtmlWebpackPlugin
<s> [webpack.Progress] 92% sealing asset processing RealContentHashPlugin
<s> [webpack.Progress] 92% sealing asset processing RealContentHashPlugin
<s> [webpack.Progress] 92% sealing asset processing RealContentHashPlugin main.e33c6ced.iframe.bundle.js generate SourceMap
<s> [webpack.Progress] 92% sealing asset processing RealContentHashPlugin main.e33c6ced.iframe.bundle.js generated SourceMap
<s> [webpack.Progress] 92% sealing asset processing RealContentHashPlugin runtime~main.a3f4062d.iframe.bundle.js generate SourceMap
<s> [webpack.Progress] 92% sealing asset processing RealContentHashPlugin runtime~main.a3f4062d.iframe.bundle.js generated SourceMap
<s> [webpack.Progress] 92% sealing asset processing RealContentHashPlugin 747.7086b584.iframe.bundle.js generate SourceMap
<s> [webpack.Progress] 92% sealing asset processing RealContentHashPlugin 747.7086b584.iframe.bundle.js generated SourceMap
<s> [webpack.Progress] 92% sealing asset processing RealContentHashPlugin 299.74c538e0.iframe.bundle.js generate SourceMap
<s> [webpack.Progress] 92% sealing asset processing RealContentHashPlugin 299.74c538e0.iframe.bundle.js generated SourceMap
<s> [webpack.Progress] 92% sealing asset processing RealContentHashPlugin 273.37e8a6af.iframe.bundle.js generate SourceMap
<s> [webpack.Progress] 92% sealing asset processing RealContentHashPlugin 273.37e8a6af.iframe.bundle.js generated SourceMap
<s> [webpack.Progress] 92% sealing asset processing RealContentHashPlugin 722.3b744a27.iframe.bundle.js generate SourceMap
<s> [webpack.Progress] 92% sealing asset processing RealContentHashPlugin 722.3b744a27.iframe.bundle.js generated SourceMap
<s> [webpack.Progress] 92% sealing asset processing RealContentHashPlugin 895.3f4fbad4.iframe.bundle.js generate SourceMap
<s> [webpack.Progress] 92% sealing asset processing RealContentHashPlugin 895.3f4fbad4.iframe.bundle.js generated SourceMap
<s> [webpack.Progress] 92% sealing asset processing RealContentHashPlugin 459.0134a2e1.iframe.bundle.js generate SourceMap
<s> [webpack.Progress] 92% sealing asset processing RealContentHashPlugin 459.0134a2e1.iframe.bundle.js generated SourceMap
<s> [webpack.Progress] 92% sealing asset processing RealContentHashPlugin 551.0bd0d319.iframe.bundle.js generate SourceMap
<s> [webpack.Progress] 92% sealing asset processing RealContentHashPlugin 551.0bd0d319.iframe.bundle.js generated SourceMap
<s> [webpack.Progress] 92% sealing asset processing RealContentHashPlugin 899.d6c6543e.iframe.bundle.js generate SourceMap
<s> [webpack.Progress] 92% sealing asset processing RealContentHashPlugin 899.d6c6543e.iframe.bundle.js generated SourceMap
<s> [webpack.Progress] 92% sealing asset processing RealContentHashPlugin 291.1f9f92a4.iframe.bundle.js generate SourceMap
<s> [webpack.Progress] 92% sealing asset processing RealContentHashPlugin 291.1f9f92a4.iframe.bundle.js generated SourceMap
<s> [webpack.Progress] 92% sealing asset processing RealContentHashPlugin 376.010b8bf5.iframe.bundle.js generate SourceMap
<s> [webpack.Progress] 92% sealing asset processing RealContentHashPlugin 376.010b8bf5.iframe.bundle.js generated SourceMap
<s> [webpack.Progress] 92% sealing asset processing RealContentHashPlugin resolve sources
<s> [webpack.Progress] 92% sealing asset processing RealContentHashPlugin
<s> [webpack.Progress] 92% sealing asset processing AnyComponentStyleBudgetChecker
<s> [webpack.Progress] 92% sealing asset processing
<s> [webpack.Progress] 93% sealing after asset optimization
<s> [webpack.Progress] 93% sealing after asset optimization
<s> [webpack.Progress] 93% sealing recording
<s> [webpack.Progress] 93% sealing recording
<s> [webpack.Progress] 94% sealing after seal
<s> [webpack.Progress] 94% sealing after seal
<s> [webpack.Progress] 95% emitting emit
<s> [webpack.Progress] 95% emitting emit
<s> [webpack.Progress] 98% emitting after emit
<s> [webpack.Progress] 98% emitting after emit SizeLimitsPlugin
<s> [webpack.Progress] 98% emitting after emit
<s> [webpack.Progress] 99% done plugins
<s> [webpack.Progress] 99% done plugins CaseSensitivePathsPlugin
<s> [webpack.Progress] 99% done plugins
<s> [webpack.Progress] 99% 

<s> [webpack.Progress] 99% cache store build dependencies
<s> [webpack.Progress] 99% cache store build dependencies
<s> [webpack.Progress] 99% cache begin idle
<s> [webpack.Progress] 99% cache begin idle
<s> [webpack.Progress] 100% 

info => Preview built (47 s)
WARN /Users/antoine.blancher/WW-Storybook/src/app/app-routing.module.ts is part of the TypeScript compilation but it's unused.
WARN Add only entry points to the 'files' or 'include' properties in your tsconfig.
WARN /Users/antoine.blancher/WW-Storybook/src/app/app.component.ts is part of the TypeScript compilation but it's unused.
WARN Add only entry points to the 'files' or 'include' properties in your tsconfig.
WARN /Users/antoine.blancher/WW-Storybook/src/app/app.module.ts is part of the TypeScript compilation but it's unused.
WARN Add only entry points to the 'files' or 'include' properties in your tsconfig.
WARN /Users/antoine.blancher/WW-Storybook/src/environments/environment.prod.ts is part of the TypeScript compilation but it's unused.
WARN Add only entry points to the 'files' or 'include' properties in your tsconfig.
WARN /Users/antoine.blancher/WW-Storybook/src/environments/environment.ts is part of the TypeScript compilation but it's unused.
WARN Add only entry points to the 'files' or 'include' properties in your tsconfig.
WARN /Users/antoine.blancher/WW-Storybook/src/main.ts is part of the TypeScript compilation but it's unused.
WARN Add only entry points to the 'files' or 'include' properties in your tsconfig.
WARN asset size limit: The following asset(s) exceed the recommended size limit (244 KiB).
WARN This can impact web performance.
WARN Assets: 
WARN   459.0134a2e1.iframe.bundle.js (587 KiB)
WARN   376.010b8bf5.iframe.bundle.js (3.61 MiB)
WARN entrypoint size limit: The following entrypoint(s) combined asset size exceeds the recommended limit (244 KiB). This can impact web performance.
WARN Entrypoints:
WARN   main (3.7 MiB)
WARN       runtime~main.a3f4062d.iframe.bundle.js
WARN       376.010b8bf5.iframe.bundle.js
WARN       main.css
WARN       main.e33c6ced.iframe.bundle.js
WARN 
<s> [webpack.Progress] 99% cache shutdown
<s> [webpack.Progress] 99% cache shutdown
<s> [webpack.Progress] 100% 

info => Output directory: /var/folders/wh/5bdsfq_12ssfgp_0zhrgb645k0ndq5/T/chromatic--31265-gaI5Rt0q7Hfv
